<?xml version="1.0" encoding="UTF-8"?>
<testsuite xmlns:xsi="http://www.w3.org/2001/XMLSchema-instance" xsi:noNamespaceSchemaLocation="https://maven.apache.org/surefire/maven-surefire-plugin/xsd/surefire-test-report.xsd" name="testRunner.TestRunner" time="0.577" tests="2" errors="1" skipped="0" failures="0">
  <properties>
[...]
</properties>
  <testcase name="Title of your scenario" classname="Failed case" time="0.099">
    <error message="/ by zero" type="java.lang.ArithmeticException">java.lang.ArithmeticException: / by zero
</error>
    <system-out><![CDATA[
@tag1
Scenario: Title of your scenario # src/test/resources/features/demoFail.feature:6
  Given calculate value of i     # stepDefination.demoStep.calculate_value_of_i()
      java.lang.ArithmeticException: / by zero
	at stepDefination.demoStep.calculate_value_of_i(demoStep.java:29)
	at ✽.calculate value of i(file:///Users/leenikha/Documents/Study/Java/e2eWebTesting/src/test/resources/features/demoFail.feature:7)

]]></system-out>
  </testcase>
  <testcase name="Title of your scenario" classname="Passed case" time="0.005"/>
</testsuite>